{"D:\\Vue JS\\Vue_Apps\\tvshow-assessment\\src\\App.vue": {"path":"D:\\Vue JS\\Vue_Apps\\tvshow-assessment\\src\\App.vue","statementMap":{"0":{"start":{"line":16,"column":0},"end":{"line":16,"column":null}},"1":{"start":{"line":17,"column":0},"end":{"line":17,"column":null}},"2":{"start":{"line":27,"column":0},"end":{"line":27,"column":null}}},"fnMap":{"0":{"name":"(anonymous_1)","decl":{"start":{"line":27,"column":0},"end":{"line":27,"column":null}},"loc":{"start":{"line":27,"column":0},"end":{"line":27,"column":null}}}},"branchMap":{},"s":{"0":1,"1":1,"2":6},"f":{"0":6},"b":{}}
,"D:\\Vue JS\\Vue_Apps\\tvshow-assessment\\src\\components\\Header.vue": {"path":"D:\\Vue JS\\Vue_Apps\\tvshow-assessment\\src\\components\\Header.vue","statementMap":{"0":{"start":{"line":59,"column":0},"end":{"line":59,"column":null}}},"fnMap":{"0":{"name":"(anonymous_1)","decl":{"start":{"line":59,"column":0},"end":{"line":59,"column":null}},"loc":{"start":{"line":59,"column":0},"end":{"line":59,"column":null}}}},"branchMap":{},"s":{"0":11},"f":{"0":11},"b":{}}
,"D:\\Vue JS\\Vue_Apps\\tvshow-assessment\\src\\plugins\\vuetify.js": {"path":"D:\\Vue JS\\Vue_Apps\\tvshow-assessment\\src\\plugins\\vuetify.js","statementMap":{"0":{"start":{"line":4,"column":0},"end":{"line":4,"column":17}}},"fnMap":{},"branchMap":{},"s":{"0":0},"f":{},"b":{},"hash":"11814825bf155b060ba477c79a82eed18551734f"}
,"D:\\Vue JS\\Vue_Apps\\tvshow-assessment\\src\\router\\index.js": {"path":"D:\\Vue JS\\Vue_Apps\\tvshow-assessment\\src\\router\\index.js","statementMap":{"0":{"start":{"line":5,"column":0},"end":{"line":5,"column":18}},"1":{"start":{"line":7,"column":17},"end":{"line":26,"column":1}},"2":{"start":{"line":14,"column":21},"end":{"line":14,"column":49}},"3":{"start":{"line":19,"column":21},"end":{"line":19,"column":50}},"4":{"start":{"line":28,"column":15},"end":{"line":32,"column":2}}},"fnMap":{"0":{"name":"(anonymous_0)","decl":{"start":{"line":14,"column":15},"end":{"line":14,"column":16}},"loc":{"start":{"line":14,"column":21},"end":{"line":14,"column":49}},"line":14},"1":{"name":"(anonymous_1)","decl":{"start":{"line":19,"column":15},"end":{"line":19,"column":16}},"loc":{"start":{"line":19,"column":21},"end":{"line":19,"column":50}},"line":19}},"branchMap":{},"s":{"0":3,"1":3,"2":0,"3":0,"4":3},"f":{"0":0,"1":0},"b":{},"_coverageSchema":"43e27e138ebf9cfc5966b082cf9a028302ed4184","hash":"8a8533a9e4600e2faee9fe14f59c1663830f4d39"}
,"D:\\Vue JS\\Vue_Apps\\tvshow-assessment\\src\\service\\shows.service.js": {"path":"D:\\Vue JS\\Vue_Apps\\tvshow-assessment\\src\\service\\shows.service.js","statementMap":{"0":{"start":{"line":5,"column":4},"end":{"line":5,"column":69}},"1":{"start":{"line":9,"column":4},"end":{"line":9,"column":69}},"2":{"start":{"line":13,"column":4},"end":{"line":13,"column":52}}},"fnMap":{"0":{"name":"getShowsByName","decl":{"start":{"line":4,"column":16},"end":{"line":4,"column":30}},"loc":{"start":{"line":4,"column":37},"end":{"line":6,"column":1}},"line":4},"1":{"name":"getShow","decl":{"start":{"line":8,"column":16},"end":{"line":8,"column":23}},"loc":{"start":{"line":8,"column":28},"end":{"line":10,"column":1}},"line":8},"2":{"name":"getAllShows","decl":{"start":{"line":12,"column":16},"end":{"line":12,"column":27}},"loc":{"start":{"line":12,"column":30},"end":{"line":14,"column":1}},"line":12}},"branchMap":{},"s":{"0":5,"1":11,"2":12},"f":{"0":5,"1":11,"2":12},"b":{},"_coverageSchema":"43e27e138ebf9cfc5966b082cf9a028302ed4184","hash":"7f861e8907872d925653de484493eaf51627a136"}
,"D:\\Vue JS\\Vue_Apps\\tvshow-assessment\\src\\views\\About.vue": {"path":"D:\\Vue JS\\Vue_Apps\\tvshow-assessment\\src\\views\\About.vue","statementMap":{"0":{"start":{"line":98,"column":0},"end":{"line":98,"column":null}},"1":{"start":{"line":102,"column":0},"end":{"line":102,"column":null}},"2":{"start":{"line":107,"column":0},"end":{"line":107,"column":null}},"3":{"start":{"line":111,"column":0},"end":{"line":117,"column":null}},"4":{"start":{"line":113,"column":0},"end":{"line":113,"column":null}},"5":{"start":{"line":114,"column":0},"end":{"line":116,"column":null}},"6":{"start":{"line":115,"column":0},"end":{"line":115,"column":null}},"7":{"start":{"line":117,"column":0},"end":{"line":117,"column":null}}},"fnMap":{"0":{"name":"(anonymous_1)","decl":{"start":{"line":102,"column":0},"end":{"line":102,"column":null}},"loc":{"start":{"line":102,"column":0},"end":{"line":102,"column":null}}},"1":{"name":"(anonymous_2)","decl":{"start":{"line":106,"column":0},"end":{"line":106,"column":null}},"loc":{"start":{"line":106,"column":0},"end":{"line":108,"column":null}}},"2":{"name":"(anonymous_3)","decl":{"start":{"line":110,"column":0},"end":{"line":110,"column":null}},"loc":{"start":{"line":110,"column":0},"end":{"line":119,"column":null}}},"3":{"name":"(anonymous_4)","decl":{"start":{"line":111,"column":0},"end":{"line":111,"column":null}},"loc":{"start":{"line":111,"column":0},"end":{"line":117,"column":null}}},"4":{"name":"(anonymous_5)","decl":{"start":{"line":117,"column":0},"end":{"line":117,"column":null}},"loc":{"start":{"line":117,"column":0},"end":{"line":117,"column":null}}}},"branchMap":{"0":{"loc":{"start":{"line":114,"column":0},"end":{"line":116,"column":null}},"type":"if","locations":[{"start":{"line":114,"column":0},"end":{"line":116,"column":null}},{"start":{"line":114,"column":0},"end":{"line":116,"column":null}}]}},"s":{"0":1,"1":11,"2":11,"3":11,"4":0,"5":0,"6":0,"7":0},"f":{"0":11,"1":11,"2":11,"3":0,"4":0},"b":{"0":[0,0]}}
,"D:\\Vue JS\\Vue_Apps\\tvshow-assessment\\src\\views\\Dashboard.vue": {"path":"D:\\Vue JS\\Vue_Apps\\tvshow-assessment\\src\\views\\Dashboard.vue","statementMap":{"0":{"start":{"line":47,"column":0},"end":{"line":47,"column":null}},"1":{"start":{"line":48,"column":0},"end":{"line":48,"column":null}},"2":{"start":{"line":55,"column":0},"end":{"line":55,"column":null}},"3":{"start":{"line":73,"column":0},"end":{"line":86,"column":null}},"4":{"start":{"line":75,"column":0},"end":{"line":75,"column":null}},"5":{"start":{"line":76,"column":0},"end":{"line":82,"column":null}},"6":{"start":{"line":77,"column":0},"end":{"line":80,"column":null}},"7":{"start":{"line":79,"column":0},"end":{"line":79,"column":null}},"8":{"start":{"line":81,"column":0},"end":{"line":81,"column":null}},"9":{"start":{"line":85,"column":0},"end":{"line":85,"column":null}},"10":{"start":{"line":91,"column":0},"end":{"line":91,"column":null}},"11":{"start":{"line":93,"column":0},"end":{"line":99,"column":null}},"12":{"start":{"line":94,"column":0},"end":{"line":94,"column":null}},"13":{"start":{"line":95,"column":0},"end":{"line":95,"column":null}},"14":{"start":{"line":96,"column":0},"end":{"line":96,"column":null}},"15":{"start":{"line":97,"column":0},"end":{"line":97,"column":null}},"16":{"start":{"line":98,"column":0},"end":{"line":98,"column":null}},"17":{"start":{"line":100,"column":0},"end":{"line":100,"column":null}},"18":{"start":{"line":103,"column":0},"end":{"line":111,"column":null}},"19":{"start":{"line":104,"column":0},"end":{"line":104,"column":null}},"20":{"start":{"line":105,"column":0},"end":{"line":109,"column":null}},"21":{"start":{"line":106,"column":0},"end":{"line":108,"column":null}},"22":{"start":{"line":107,"column":0},"end":{"line":107,"column":null}},"23":{"start":{"line":110,"column":0},"end":{"line":110,"column":null}}},"fnMap":{"0":{"name":"(anonymous_1)","decl":{"start":{"line":55,"column":0},"end":{"line":55,"column":null}},"loc":{"start":{"line":55,"column":0},"end":{"line":55,"column":null}}},"1":{"name":"(anonymous_2)","decl":{"start":{"line":72,"column":0},"end":{"line":72,"column":null}},"loc":{"start":{"line":72,"column":0},"end":{"line":87,"column":null}}},"2":{"name":"(anonymous_3)","decl":{"start":{"line":73,"column":0},"end":{"line":73,"column":null}},"loc":{"start":{"line":73,"column":0},"end":{"line":83,"column":null}}},"3":{"name":"(anonymous_4)","decl":{"start":{"line":76,"column":0},"end":{"line":76,"column":null}},"loc":{"start":{"line":76,"column":0},"end":{"line":82,"column":null}}},"4":{"name":"(anonymous_5)","decl":{"start":{"line":83,"column":0},"end":{"line":83,"column":null}},"loc":{"start":{"line":83,"column":0},"end":{"line":86,"column":null}}},"5":{"name":"(anonymous_6)","decl":{"start":{"line":89,"column":0},"end":{"line":89,"column":null}},"loc":{"start":{"line":89,"column":0},"end":{"line":101,"column":null}}},"6":{"name":"(anonymous_7)","decl":{"start":{"line":102,"column":0},"end":{"line":102,"column":null}},"loc":{"start":{"line":102,"column":0},"end":{"line":112,"column":null}}},"7":{"name":"(anonymous_8)","decl":{"start":{"line":105,"column":0},"end":{"line":105,"column":null}},"loc":{"start":{"line":105,"column":0},"end":{"line":109,"column":null}}}},"branchMap":{"0":{"loc":{"start":{"line":77,"column":0},"end":{"line":80,"column":null}},"type":"if","locations":[{"start":{"line":77,"column":0},"end":{"line":80,"column":null}},{"start":{"line":77,"column":0},"end":{"line":80,"column":null}}]},"1":{"loc":{"start":{"line":103,"column":0},"end":{"line":111,"column":null}},"type":"if","locations":[{"start":{"line":103,"column":0},"end":{"line":111,"column":null}},{"start":{"line":103,"column":0},"end":{"line":111,"column":null}}]},"2":{"loc":{"start":{"line":106,"column":0},"end":{"line":108,"column":null}},"type":"if","locations":[{"start":{"line":106,"column":0},"end":{"line":108,"column":null}},{"start":{"line":106,"column":0},"end":{"line":108,"column":null}}]}},"s":{"0":3,"1":3,"2":12,"3":12,"4":0,"5":0,"6":0,"7":0,"8":0,"9":0,"10":1,"11":1,"12":5,"13":5,"14":5,"15":5,"16":5,"17":1,"18":0,"19":0,"20":0,"21":0,"22":0,"23":0},"f":{"0":12,"1":12,"2":0,"3":0,"4":0,"5":1,"6":0,"7":0},"b":{"0":[0,0],"1":[0,0],"2":[0,0]}}
,"D:\\Vue JS\\Vue_Apps\\tvshow-assessment\\src\\views\\Search.vue": {"path":"D:\\Vue JS\\Vue_Apps\\tvshow-assessment\\src\\views\\Search.vue","statementMap":{"0":{"start":{"line":32,"column":0},"end":{"line":32,"column":null}},"1":{"start":{"line":33,"column":0},"end":{"line":33,"column":null}},"2":{"start":{"line":41,"column":0},"end":{"line":41,"column":null}},"3":{"start":{"line":46,"column":0},"end":{"line":49,"column":null}},"4":{"start":{"line":48,"column":0},"end":{"line":48,"column":null}},"5":{"start":{"line":49,"column":0},"end":{"line":49,"column":null}},"6":{"start":{"line":54,"column":0},"end":{"line":57,"column":null}},"7":{"start":{"line":56,"column":0},"end":{"line":56,"column":null}},"8":{"start":{"line":57,"column":0},"end":{"line":57,"column":null}},"9":{"start":{"line":63,"column":0},"end":{"line":63,"column":null}}},"fnMap":{"0":{"name":"(anonymous_1)","decl":{"start":{"line":41,"column":0},"end":{"line":41,"column":null}},"loc":{"start":{"line":41,"column":0},"end":{"line":41,"column":null}}},"1":{"name":"(anonymous_2)","decl":{"start":{"line":45,"column":0},"end":{"line":45,"column":null}},"loc":{"start":{"line":45,"column":0},"end":{"line":51,"column":null}}},"2":{"name":"(anonymous_3)","decl":{"start":{"line":46,"column":0},"end":{"line":46,"column":null}},"loc":{"start":{"line":46,"column":0},"end":{"line":49,"column":null}}},"3":{"name":"(anonymous_4)","decl":{"start":{"line":49,"column":0},"end":{"line":49,"column":null}},"loc":{"start":{"line":49,"column":0},"end":{"line":49,"column":null}}},"4":{"name":"(anonymous_5)","decl":{"start":{"line":53,"column":0},"end":{"line":53,"column":null}},"loc":{"start":{"line":53,"column":0},"end":{"line":59,"column":null}}},"5":{"name":"(anonymous_6)","decl":{"start":{"line":54,"column":0},"end":{"line":54,"column":null}},"loc":{"start":{"line":54,"column":0},"end":{"line":57,"column":null}}},"6":{"name":"(anonymous_7)","decl":{"start":{"line":57,"column":0},"end":{"line":57,"column":null}},"loc":{"start":{"line":57,"column":0},"end":{"line":57,"column":null}}},"7":{"name":"(anonymous_8)","decl":{"start":{"line":62,"column":0},"end":{"line":62,"column":null}},"loc":{"start":{"line":62,"column":0},"end":{"line":64,"column":null}}}},"branchMap":{},"s":{"0":1,"1":1,"2":5,"3":5,"4":0,"5":0,"6":0,"7":0,"8":0,"9":0},"f":{"0":5,"1":5,"2":0,"3":0,"4":0,"5":0,"6":0,"7":0},"b":{}}
,"D:\\Vue JS\\Vue_Apps\\tvshow-assessment\\tests\\unit\\returnShows.js": {"path":"D:\\Vue JS\\Vue_Apps\\tvshow-assessment\\tests\\unit\\returnShows.js","statementMap":{"0":{"start":{"line":2,"column":4},"end":{"line":886,"column":5}},"1":{"start":{"line":890,"column":4},"end":{"line":1347,"column":5}}},"fnMap":{"0":{"name":"allShows","decl":{"start":{"line":1,"column":16},"end":{"line":1,"column":24}},"loc":{"start":{"line":1,"column":27},"end":{"line":887,"column":1}},"line":1},"1":{"name":"getShow","decl":{"start":{"line":889,"column":16},"end":{"line":889,"column":23}},"loc":{"start":{"line":889,"column":26},"end":{"line":1348,"column":1}},"line":889}},"branchMap":{},"s":{"0":24,"1":25},"f":{"0":24,"1":25},"b":{},"_coverageSchema":"43e27e138ebf9cfc5966b082cf9a028302ed4184","hash":"db72aaa90120d7fbcda7c070339ecdcf153d290f"}
}
