{"D:\\Vue JS\\Vue_Apps\\tvshow-assessment\\src\\App.vue": {"path":"D:\\Vue JS\\Vue_Apps\\tvshow-assessment\\src\\App.vue","statementMap":{"0":{"start":{"line":16,"column":0},"end":{"line":16,"column":null}},"1":{"start":{"line":17,"column":0},"end":{"line":17,"column":null}},"2":{"start":{"line":27,"column":0},"end":{"line":27,"column":null}}},"fnMap":{"0":{"name":"(anonymous_1)","decl":{"start":{"line":27,"column":0},"end":{"line":27,"column":null}},"loc":{"start":{"line":27,"column":0},"end":{"line":27,"column":null}}}},"branchMap":{},"s":{"0":1,"1":1,"2":6},"f":{"0":6},"b":{}}
,"D:\\Vue JS\\Vue_Apps\\tvshow-assessment\\src\\plugins\\vuetify.js": {"path":"D:\\Vue JS\\Vue_Apps\\tvshow-assessment\\src\\plugins\\vuetify.js","statementMap":{"0":{"start":{"line":4,"column":0},"end":{"line":4,"column":17}}},"fnMap":{},"branchMap":{},"s":{"0":0},"f":{},"b":{},"hash":"11814825bf155b060ba477c79a82eed18551734f"}
,"D:\\Vue JS\\Vue_Apps\\tvshow-assessment\\src\\router\\index.js": {"path":"D:\\Vue JS\\Vue_Apps\\tvshow-assessment\\src\\router\\index.js","statementMap":{"0":{"start":{"line":5,"column":0},"end":{"line":5,"column":18}},"1":{"start":{"line":7,"column":17},"end":{"line":26,"column":1}},"2":{"start":{"line":19,"column":21},"end":{"line":19,"column":49}},"3":{"start":{"line":24,"column":21},"end":{"line":24,"column":50}},"4":{"start":{"line":28,"column":15},"end":{"line":32,"column":2}}},"fnMap":{"0":{"name":"(anonymous_0)","decl":{"start":{"line":19,"column":15},"end":{"line":19,"column":16}},"loc":{"start":{"line":19,"column":21},"end":{"line":19,"column":49}},"line":19},"1":{"name":"(anonymous_1)","decl":{"start":{"line":24,"column":15},"end":{"line":24,"column":16}},"loc":{"start":{"line":24,"column":21},"end":{"line":24,"column":50}},"line":24}},"branchMap":{},"s":{"0":3,"1":3,"2":0,"3":0,"4":3},"f":{"0":0,"1":0},"b":{},"_coverageSchema":"43e27e138ebf9cfc5966b082cf9a028302ed4184","hash":"6f2a7028eb7cdd4cfc3df9511198006df5a9af08"}
,"D:\\Vue JS\\Vue_Apps\\tvshow-assessment\\src\\service\\shows.service.js": {"path":"D:\\Vue JS\\Vue_Apps\\tvshow-assessment\\src\\service\\shows.service.js","statementMap":{"0":{"start":{"line":5,"column":4},"end":{"line":5,"column":69}},"1":{"start":{"line":9,"column":4},"end":{"line":9,"column":69}},"2":{"start":{"line":13,"column":4},"end":{"line":13,"column":52}}},"fnMap":{"0":{"name":"getShowsByName","decl":{"start":{"line":4,"column":16},"end":{"line":4,"column":30}},"loc":{"start":{"line":4,"column":37},"end":{"line":6,"column":1}},"line":4},"1":{"name":"getShow","decl":{"start":{"line":8,"column":16},"end":{"line":8,"column":23}},"loc":{"start":{"line":8,"column":28},"end":{"line":10,"column":1}},"line":8},"2":{"name":"getAllShows","decl":{"start":{"line":12,"column":16},"end":{"line":12,"column":27}},"loc":{"start":{"line":12,"column":30},"end":{"line":14,"column":1}},"line":12}},"branchMap":{},"s":{"0":5,"1":6,"2":5},"f":{"0":5,"1":6,"2":5},"b":{},"_coverageSchema":"43e27e138ebf9cfc5966b082cf9a028302ed4184","hash":"7f861e8907872d925653de484493eaf51627a136"}
,"D:\\Vue JS\\Vue_Apps\\tvshow-assessment\\src\\views\\About.vue": {"path":"D:\\Vue JS\\Vue_Apps\\tvshow-assessment\\src\\views\\About.vue","statementMap":{"0":{"start":{"line":100,"column":0},"end":{"line":100,"column":null}},"1":{"start":{"line":104,"column":0},"end":{"line":104,"column":null}},"2":{"start":{"line":109,"column":0},"end":{"line":115,"column":null}},"3":{"start":{"line":111,"column":0},"end":{"line":111,"column":null}},"4":{"start":{"line":112,"column":0},"end":{"line":114,"column":null}},"5":{"start":{"line":113,"column":0},"end":{"line":113,"column":null}},"6":{"start":{"line":115,"column":0},"end":{"line":115,"column":null}}},"fnMap":{"0":{"name":"(anonymous_1)","decl":{"start":{"line":104,"column":0},"end":{"line":104,"column":null}},"loc":{"start":{"line":104,"column":0},"end":{"line":104,"column":null}}},"1":{"name":"(anonymous_2)","decl":{"start":{"line":108,"column":0},"end":{"line":108,"column":null}},"loc":{"start":{"line":108,"column":0},"end":{"line":117,"column":null}}},"2":{"name":"(anonymous_3)","decl":{"start":{"line":109,"column":0},"end":{"line":109,"column":null}},"loc":{"start":{"line":109,"column":0},"end":{"line":115,"column":null}}},"3":{"name":"(anonymous_4)","decl":{"start":{"line":115,"column":0},"end":{"line":115,"column":null}},"loc":{"start":{"line":115,"column":0},"end":{"line":115,"column":null}}}},"branchMap":{"0":{"loc":{"start":{"line":112,"column":0},"end":{"line":114,"column":null}},"type":"if","locations":[{"start":{"line":112,"column":0},"end":{"line":114,"column":null}},{"start":{"line":112,"column":0},"end":{"line":114,"column":null}}]}},"s":{"0":1,"1":6,"2":6,"3":0,"4":0,"5":0,"6":0},"f":{"0":6,"1":6,"2":0,"3":0},"b":{"0":[0,0]}}
,"D:\\Vue JS\\Vue_Apps\\tvshow-assessment\\src\\views\\Dashboard.vue": {"path":"D:\\Vue JS\\Vue_Apps\\tvshow-assessment\\src\\views\\Dashboard.vue","statementMap":{"0":{"start":{"line":60,"column":0},"end":{"line":60,"column":null}},"1":{"start":{"line":64,"column":0},"end":{"line":64,"column":null}},"2":{"start":{"line":69,"column":0},"end":{"line":82,"column":null}},"3":{"start":{"line":71,"column":0},"end":{"line":71,"column":null}},"4":{"start":{"line":72,"column":0},"end":{"line":78,"column":null}},"5":{"start":{"line":73,"column":0},"end":{"line":76,"column":null}},"6":{"start":{"line":75,"column":0},"end":{"line":75,"column":null}},"7":{"start":{"line":77,"column":0},"end":{"line":77,"column":null}},"8":{"start":{"line":81,"column":0},"end":{"line":81,"column":null}},"9":{"start":{"line":86,"column":0},"end":{"line":86,"column":null}},"10":{"start":{"line":88,"column":0},"end":{"line":94,"column":null}},"11":{"start":{"line":89,"column":0},"end":{"line":89,"column":null}},"12":{"start":{"line":90,"column":0},"end":{"line":90,"column":null}},"13":{"start":{"line":91,"column":0},"end":{"line":91,"column":null}},"14":{"start":{"line":92,"column":0},"end":{"line":92,"column":null}},"15":{"start":{"line":93,"column":0},"end":{"line":93,"column":null}},"16":{"start":{"line":95,"column":0},"end":{"line":95,"column":null}}},"fnMap":{"0":{"name":"(anonymous_1)","decl":{"start":{"line":64,"column":0},"end":{"line":64,"column":null}},"loc":{"start":{"line":64,"column":0},"end":{"line":64,"column":null}}},"1":{"name":"(anonymous_2)","decl":{"start":{"line":68,"column":0},"end":{"line":68,"column":null}},"loc":{"start":{"line":68,"column":0},"end":{"line":83,"column":null}}},"2":{"name":"(anonymous_3)","decl":{"start":{"line":69,"column":0},"end":{"line":69,"column":null}},"loc":{"start":{"line":69,"column":0},"end":{"line":79,"column":null}}},"3":{"name":"(anonymous_4)","decl":{"start":{"line":72,"column":0},"end":{"line":72,"column":null}},"loc":{"start":{"line":72,"column":0},"end":{"line":78,"column":null}}},"4":{"name":"(anonymous_5)","decl":{"start":{"line":79,"column":0},"end":{"line":79,"column":null}},"loc":{"start":{"line":79,"column":0},"end":{"line":82,"column":null}}},"5":{"name":"(anonymous_6)","decl":{"start":{"line":85,"column":0},"end":{"line":85,"column":null}},"loc":{"start":{"line":85,"column":0},"end":{"line":96,"column":null}}}},"branchMap":{"0":{"loc":{"start":{"line":73,"column":0},"end":{"line":76,"column":null}},"type":"if","locations":[{"start":{"line":73,"column":0},"end":{"line":76,"column":null}},{"start":{"line":73,"column":0},"end":{"line":76,"column":null}}]}},"s":{"0":3,"1":5,"2":5,"3":0,"4":0,"5":0,"6":0,"7":0,"8":0,"9":1,"10":1,"11":5,"12":5,"13":5,"14":5,"15":5,"16":1},"f":{"0":5,"1":5,"2":0,"3":0,"4":0,"5":1},"b":{"0":[0,0]}}
,"D:\\Vue JS\\Vue_Apps\\tvshow-assessment\\src\\views\\Search.vue": {"path":"D:\\Vue JS\\Vue_Apps\\tvshow-assessment\\src\\views\\Search.vue","statementMap":{"0":{"start":{"line":69,"column":0},"end":{"line":69,"column":null}},"1":{"start":{"line":73,"column":0},"end":{"line":73,"column":null}},"2":{"start":{"line":78,"column":0},"end":{"line":81,"column":null}},"3":{"start":{"line":80,"column":0},"end":{"line":80,"column":null}},"4":{"start":{"line":81,"column":0},"end":{"line":81,"column":null}},"5":{"start":{"line":86,"column":0},"end":{"line":89,"column":null}},"6":{"start":{"line":88,"column":0},"end":{"line":88,"column":null}},"7":{"start":{"line":89,"column":0},"end":{"line":89,"column":null}},"8":{"start":{"line":97,"column":0},"end":{"line":97,"column":null}}},"fnMap":{"0":{"name":"(anonymous_1)","decl":{"start":{"line":73,"column":0},"end":{"line":73,"column":null}},"loc":{"start":{"line":73,"column":0},"end":{"line":73,"column":null}}},"1":{"name":"(anonymous_2)","decl":{"start":{"line":77,"column":0},"end":{"line":77,"column":null}},"loc":{"start":{"line":77,"column":0},"end":{"line":83,"column":null}}},"2":{"name":"(anonymous_3)","decl":{"start":{"line":78,"column":0},"end":{"line":78,"column":null}},"loc":{"start":{"line":78,"column":0},"end":{"line":81,"column":null}}},"3":{"name":"(anonymous_4)","decl":{"start":{"line":81,"column":0},"end":{"line":81,"column":null}},"loc":{"start":{"line":81,"column":0},"end":{"line":81,"column":null}}},"4":{"name":"(anonymous_5)","decl":{"start":{"line":85,"column":0},"end":{"line":85,"column":null}},"loc":{"start":{"line":85,"column":0},"end":{"line":91,"column":null}}},"5":{"name":"(anonymous_6)","decl":{"start":{"line":86,"column":0},"end":{"line":86,"column":null}},"loc":{"start":{"line":86,"column":0},"end":{"line":89,"column":null}}},"6":{"name":"(anonymous_7)","decl":{"start":{"line":89,"column":0},"end":{"line":89,"column":null}},"loc":{"start":{"line":89,"column":0},"end":{"line":89,"column":null}}},"7":{"name":"(anonymous_8)","decl":{"start":{"line":95,"column":0},"end":{"line":95,"column":null}},"loc":{"start":{"line":95,"column":0},"end":{"line":98,"column":null}}}},"branchMap":{},"s":{"0":1,"1":5,"2":5,"3":0,"4":0,"5":0,"6":0,"7":0,"8":0},"f":{"0":5,"1":5,"2":0,"3":0,"4":0,"5":0,"6":0,"7":0},"b":{}}
,"D:\\Vue JS\\Vue_Apps\\tvshow-assessment\\tests\\unit\\returnShows.js": {"path":"D:\\Vue JS\\Vue_Apps\\tvshow-assessment\\tests\\unit\\returnShows.js","statementMap":{"0":{"start":{"line":3,"column":4},"end":{"line":887,"column":5}},"1":{"start":{"line":892,"column":4},"end":{"line":942,"column":5}}},"fnMap":{"0":{"name":"allShows","decl":{"start":{"line":1,"column":16},"end":{"line":1,"column":24}},"loc":{"start":{"line":2,"column":0},"end":{"line":888,"column":1}},"line":2},"1":{"name":"show","decl":{"start":{"line":890,"column":16},"end":{"line":890,"column":20}},"loc":{"start":{"line":891,"column":0},"end":{"line":943,"column":1}},"line":891}},"branchMap":{},"s":{"0":5,"1":6},"f":{"0":5,"1":6},"b":{},"_coverageSchema":"43e27e138ebf9cfc5966b082cf9a028302ed4184","hash":"291a3280a8fd05de34867cb887a45d25e27c5e14"}
}
