TN:
SF:D:\Vue JS\Vue_Apps\tvshow-assessment\src\App.vue
FN:27,(anonymous_1)
FNF:1
FNH:1
FNDA:6,(anonymous_1)
DA:16,1
DA:17,1
DA:27,6
LF:3
LH:3
BRF:0
BRH:0
end_of_record
TN:
SF:D:\Vue JS\Vue_Apps\tvshow-assessment\src\plugins\vuetify.js
FNF:0
FNH:0
DA:4,0
LF:1
LH:0
BRF:0
BRH:0
end_of_record
TN:
SF:D:\Vue JS\Vue_Apps\tvshow-assessment\src\router\index.js
FN:19,(anonymous_0)
FN:24,(anonymous_1)
FNF:2
FNH:0
FNDA:0,(anonymous_0)
FNDA:0,(anonymous_1)
DA:5,3
DA:7,3
DA:19,0
DA:24,0
DA:28,3
LF:5
LH:3
BRF:0
BRH:0
end_of_record
TN:
SF:D:\Vue JS\Vue_Apps\tvshow-assessment\src\service\shows.service.js
FN:4,getShowsByName
FN:8,getShow
FN:12,getAllShows
FNF:3
FNH:3
FNDA:5,getShowsByName
FNDA:6,getShow
FNDA:5,getAllShows
DA:5,5
DA:9,6
DA:13,5
LF:3
LH:3
BRF:0
BRH:0
end_of_record
TN:
SF:D:\Vue JS\Vue_Apps\tvshow-assessment\src\views\About.vue
FN:104,(anonymous_1)
FN:108,(anonymous_2)
FN:109,(anonymous_3)
FN:115,(anonymous_4)
FNF:4
FNH:2
FNDA:6,(anonymous_1)
FNDA:6,(anonymous_2)
FNDA:0,(anonymous_3)
FNDA:0,(anonymous_4)
DA:100,1
DA:104,6
DA:109,6
DA:111,0
DA:112,0
DA:113,0
DA:115,0
LF:7
LH:3
BRDA:112,0,0,0
BRDA:112,0,1,0
BRF:2
BRH:0
end_of_record
TN:
SF:D:\Vue JS\Vue_Apps\tvshow-assessment\src\views\Dashboard.vue
FN:64,(anonymous_1)
FN:68,(anonymous_2)
FN:69,(anonymous_3)
FN:72,(anonymous_4)
FN:79,(anonymous_5)
FN:85,(anonymous_6)
FNF:6
FNH:3
FNDA:5,(anonymous_1)
FNDA:5,(anonymous_2)
FNDA:0,(anonymous_3)
FNDA:0,(anonymous_4)
FNDA:0,(anonymous_5)
FNDA:1,(anonymous_6)
DA:60,3
DA:64,5
DA:69,5
DA:71,0
DA:72,0
DA:73,0
DA:75,0
DA:77,0
DA:81,0
DA:86,1
DA:88,1
DA:89,5
DA:90,5
DA:91,5
DA:92,5
DA:93,5
DA:95,1
LF:17
LH:11
BRDA:73,0,0,0
BRDA:73,0,1,0
BRF:2
BRH:0
end_of_record
TN:
SF:D:\Vue JS\Vue_Apps\tvshow-assessment\src\views\Search.vue
FN:73,(anonymous_1)
FN:77,(anonymous_2)
FN:78,(anonymous_3)
FN:81,(anonymous_4)
FN:85,(anonymous_5)
FN:86,(anonymous_6)
FN:89,(anonymous_7)
FN:95,(anonymous_8)
FNF:8
FNH:2
FNDA:5,(anonymous_1)
FNDA:5,(anonymous_2)
FNDA:0,(anonymous_3)
FNDA:0,(anonymous_4)
FNDA:0,(anonymous_5)
FNDA:0,(anonymous_6)
FNDA:0,(anonymous_7)
FNDA:0,(anonymous_8)
DA:69,1
DA:73,5
DA:78,5
DA:80,0
DA:81,0
DA:86,0
DA:88,0
DA:89,0
DA:97,0
LF:9
LH:3
BRF:0
BRH:0
end_of_record
TN:
SF:D:\Vue JS\Vue_Apps\tvshow-assessment\tests\unit\returnShows.js
FN:1,allShows
FN:890,show
FNF:2
FNH:2
FNDA:5,allShows
FNDA:6,show
DA:3,5
DA:892,6
LF:2
LH:2
BRF:0
BRH:0
end_of_record
