TN:
SF:D:\Vue JS\Vue_Apps\tvshow-assessment\src\App.vue
FN:27,(anonymous_1)
FNF:1
FNH:1
FNDA:6,(anonymous_1)
DA:16,1
DA:17,1
DA:27,6
LF:3
LH:3
BRF:0
BRH:0
end_of_record
TN:
SF:D:\Vue JS\Vue_Apps\tvshow-assessment\src\components\Header.vue
FN:59,(anonymous_1)
FNF:1
FNH:1
FNDA:11,(anonymous_1)
DA:59,11
LF:1
LH:1
BRF:0
BRH:0
end_of_record
TN:
SF:D:\Vue JS\Vue_Apps\tvshow-assessment\src\plugins\vuetify.js
FNF:0
FNH:0
DA:4,0
LF:1
LH:0
BRF:0
BRH:0
end_of_record
TN:
SF:D:\Vue JS\Vue_Apps\tvshow-assessment\src\router\index.js
FN:14,(anonymous_0)
FN:19,(anonymous_1)
FNF:2
FNH:0
FNDA:0,(anonymous_0)
FNDA:0,(anonymous_1)
DA:5,3
DA:7,3
DA:14,0
DA:19,0
DA:28,3
LF:5
LH:3
BRF:0
BRH:0
end_of_record
TN:
SF:D:\Vue JS\Vue_Apps\tvshow-assessment\src\service\shows.service.js
FN:4,getShowsByName
FN:8,getShow
FN:12,getAllShows
FNF:3
FNH:3
FNDA:5,getShowsByName
FNDA:11,getShow
FNDA:12,getAllShows
DA:5,5
DA:9,11
DA:13,12
LF:3
LH:3
BRF:0
BRH:0
end_of_record
TN:
SF:D:\Vue JS\Vue_Apps\tvshow-assessment\src\views\About.vue
FN:102,(anonymous_1)
FN:106,(anonymous_2)
FN:110,(anonymous_3)
FN:111,(anonymous_4)
FN:117,(anonymous_5)
FNF:5
FNH:3
FNDA:11,(anonymous_1)
FNDA:11,(anonymous_2)
FNDA:11,(anonymous_3)
FNDA:0,(anonymous_4)
FNDA:0,(anonymous_5)
DA:98,1
DA:102,11
DA:107,11
DA:111,11
DA:113,0
DA:114,0
DA:115,0
DA:117,0
LF:8
LH:4
BRDA:114,0,0,0
BRDA:114,0,1,0
BRF:2
BRH:0
end_of_record
TN:
SF:D:\Vue JS\Vue_Apps\tvshow-assessment\src\views\Dashboard.vue
FN:55,(anonymous_1)
FN:72,(anonymous_2)
FN:73,(anonymous_3)
FN:76,(anonymous_4)
FN:83,(anonymous_5)
FN:89,(anonymous_6)
FN:102,(anonymous_7)
FN:105,(anonymous_8)
FNF:8
FNH:3
FNDA:12,(anonymous_1)
FNDA:12,(anonymous_2)
FNDA:0,(anonymous_3)
FNDA:0,(anonymous_4)
FNDA:0,(anonymous_5)
FNDA:1,(anonymous_6)
FNDA:0,(anonymous_7)
FNDA:0,(anonymous_8)
DA:47,3
DA:48,3
DA:55,12
DA:73,12
DA:75,0
DA:76,0
DA:77,0
DA:79,0
DA:81,0
DA:85,0
DA:91,1
DA:93,1
DA:94,5
DA:95,5
DA:96,5
DA:97,5
DA:98,5
DA:100,1
DA:103,0
DA:104,0
DA:105,0
DA:106,0
DA:107,0
DA:110,0
LF:24
LH:12
BRDA:77,0,0,0
BRDA:77,0,1,0
BRDA:103,1,0,0
BRDA:103,1,1,0
BRDA:106,2,0,0
BRDA:106,2,1,0
BRF:6
BRH:0
end_of_record
TN:
SF:D:\Vue JS\Vue_Apps\tvshow-assessment\src\views\Search.vue
FN:41,(anonymous_1)
FN:45,(anonymous_2)
FN:46,(anonymous_3)
FN:49,(anonymous_4)
FN:53,(anonymous_5)
FN:54,(anonymous_6)
FN:57,(anonymous_7)
FN:62,(anonymous_8)
FNF:8
FNH:2
FNDA:5,(anonymous_1)
FNDA:5,(anonymous_2)
FNDA:0,(anonymous_3)
FNDA:0,(anonymous_4)
FNDA:0,(anonymous_5)
FNDA:0,(anonymous_6)
FNDA:0,(anonymous_7)
FNDA:0,(anonymous_8)
DA:32,1
DA:33,1
DA:41,5
DA:46,5
DA:48,0
DA:49,0
DA:54,0
DA:56,0
DA:57,0
DA:63,0
LF:10
LH:4
BRF:0
BRH:0
end_of_record
TN:
SF:D:\Vue JS\Vue_Apps\tvshow-assessment\tests\unit\returnShows.js
FN:1,allShows
FN:889,getShow
FNF:2
FNH:2
FNDA:24,allShows
FNDA:25,getShow
DA:2,24
DA:890,25
LF:2
LH:2
BRF:0
BRH:0
end_of_record
